<?xml version="1.0" encoding="UTF-8"?>
<testng-results skipped="0" failed="0" ignored="0" total="2" passed="2">
  <reporter-output>
  </reporter-output>
  <suite name="Default suite" duration-ms="68" started-at="2020-12-02T12:20:57 IST" finished-at="2020-12-02T12:20:57 IST">
    <groups>
    </groups>
    <test name="Default test" duration-ms="68" started-at="2020-12-02T12:20:57 IST" finished-at="2020-12-02T12:20:57 IST">
      <class name="aug.Interview">
        <test-method status="PASS" signature="build()[pri:0, instance:aug.Interview@5a8e6209]" name="build" duration-ms="11" started-at="2020-12-02T12:20:57 IST" finished-at="2020-12-02T12:20:57 IST">
          <reporter-output>
          </reporter-output>
        </test-method> <!-- build -->
        <test-method status="PASS" signature="com()[pri:0, instance:aug.Interview@5a8e6209]" name="com" duration-ms="3" started-at="2020-12-02T12:20:57 IST" finished-at="2020-12-02T12:20:57 IST">
          <reporter-output>
          </reporter-output>
        </test-method> <!-- com -->
      </class> <!-- aug.Interview -->
    </test> <!-- Default test -->
  </suite> <!-- Default suite -->
</testng-results>
